The target system is: Generic - 3.6.99 - arm
The host system is: Windows - 10.0.19045 - AMD64
Compiling the C compiler identification source file "CMakeCCompilerId.c" succeeded.
Compiler: D:/ncs-D/toolchains/ce3b5ff664/opt/zephyr-sdk/arm-zephyr-eabi/bin/arm-zephyr-eabi-gcc.exe 
Build flags: 
Id flags: -c 

The output was:
0


Compilation of the C compiler identification source "CMakeCCompilerId.c" produced "CMakeCCompilerId.o"

The C compiler identification is GNU, found in "D:/ncs-D/v2.7.0-rc3/build/hello_world/CMakeFiles/3.25.1/CompilerIdC/CMakeCCompilerId.o"

Compiling the CXX compiler identification source file "CMakeCXXCompilerId.cpp" succeeded.
Compiler: D:/ncs-D/toolchains/ce3b5ff664/opt/zephyr-sdk/arm-zephyr-eabi/bin/arm-zephyr-eabi-gcc.exe 
Build flags: 
Id flags: -c 

The output was:
0


Compilation of the CXX compiler identification source "CMakeCXXCompilerId.cpp" produced "CMakeCXXCompilerId.o"

The CXX compiler identification is GNU, found in "D:/ncs-D/v2.7.0-rc3/build/hello_world/CMakeFiles/3.25.1/CompilerIdCXX/CMakeCXXCompilerId.o"

Checking whether the ASM compiler is GNU using "--version" matched "(GNU assembler)|(GCC)|(Free Software Foundation)":
arm-zephyr-eabi-gcc.exe (Zephyr SDK 0.16.5-1) 12.2.0
Copyright (C) 2022 Free Software Foundation, Inc.
This is free software; see the source for copying conditions.  There is NO
warranty; not even for MERCHANTABILITY or FITNESS FOR A PARTICULAR PURPOSE.

Performing C SOURCE FILE Test check_C__nostartfiles__nostdlib__isystem__d__ncs_d_toolchains_ce3b5ff664_opt_zephyr_sdk_arm_zephyr_eabi_bin____lib_gcc_arm_zephyr_eabi_12_2_0_include___isystem__d__ncs_d_toolchains_ce3b5ff664_opt_zephyr_sdk_arm_zephyr_eabi_bin____lib_gcc_arm_zephyr_eabi_12_2_0_include_fixed___Wl___unresolved_symbols_ignore_in_object_files__Wl___entry_0__mcpu_cortex_m3__mthumb__mabi_aapcs__mfp16_format_ieee__mtp_soft succeeded with the following output:
Change Dir: D:/ncs-D/v2.7.0-rc3/build/hello_world/CMakeFiles/CMakeScratch/TryCompile-q0psjd

Run Build Command(s):D:/ncs-D/toolchains/ce3b5ff664/opt/bin/ninja.exe cmTC_d3b87 && [1/2] Building C object CMakeFiles/cmTC_d3b87.dir/src.c.obj
[2/2] Linking C executable cmTC_d3b87


Source file was:
int main(void) { return 0; }

